18:52:16.669 [main] INFO  testCase.LoginDataDrivenTest - ***** Finished Login Data Driven Test *****
18:52:16.684 [main] INFO  testCase.LoginDataDrivenTest - ***** Starting Login Data Driven Test *****
18:52:24.330 [main] INFO  testCase.LoginDataDrivenTest - ***** Starting Login Data Driven Test *****
18:52:31.703 [main] INFO  testCase.LoginDataDrivenTest - ***** Starting Login Data Driven Test *****
18:52:39.092 [main] INFO  testCase.LoginDataDrivenTest - ***** Starting Login Data Driven Test *****
19:01:28.663 [main] INFO  testCase.LoginDataDrivenTest - ***** Starting Login Data Driven Test *****
19:01:32.972 [main] INFO  testCase.LoginDataDrivenTest - ***** Finished Login Data Driven Test *****
19:01:32.985 [main] INFO  testCase.LoginDataDrivenTest - ***** Starting Login Data Driven Test *****
19:01:40.542 [main] INFO  testCase.LoginDataDrivenTest - ***** Starting Login Data Driven Test *****
19:01:48.071 [main] INFO  testCase.LoginDataDrivenTest - ***** Starting Login Data Driven Test *****
19:01:55.387 [main] INFO  testCase.LoginDataDrivenTest - ***** Starting Login Data Driven Test *****
19:07:57.985 [main] INFO  testCase.LoginDataDrivenTest - ***** Starting Login Data Driven Test *****
19:08:02.292 [main] INFO  testCase.LoginDataDrivenTest - ***** Finished Login Data Driven Test *****
19:08:02.306 [main] INFO  testCase.LoginDataDrivenTest - ***** Starting Login Data Driven Test *****
19:08:09.876 [main] INFO  testCase.LoginDataDrivenTest - ***** Starting Login Data Driven Test *****
19:08:17.192 [main] INFO  testCase.LoginDataDrivenTest - ***** Starting Login Data Driven Test *****
19:08:24.899 [main] INFO  testCase.LoginDataDrivenTest - ***** Starting Login Data Driven Test *****
19:18:21.583 [main] INFO  testCase.LoginDataDrivenTest - ***** Starting Login Data Driven Test *****
19:18:30.162 [main] INFO  testCase.LoginDataDrivenTest - ***** Starting Login Data Driven Test *****
19:18:37.471 [main] INFO  testCase.LoginDataDrivenTest - ***** Starting Login Data Driven Test *****
19:18:45.174 [main] INFO  testCase.LoginDataDrivenTest - ***** Starting Login Data Driven Test *****
19:18:52.425 [main] INFO  testCase.LoginDataDrivenTest - ***** Starting Login Data Driven Test *****
19:24:59.690 [main] INFO  testCase.LoginDataDrivenTest - ***** Starting Login Data Driven Test *****
19:25:03.963 [main] INFO  testCase.LoginDataDrivenTest - ***** Finished Login Data Driven Test *****
19:25:03.979 [main] INFO  testCase.LoginDataDrivenTest - ***** Starting Login Data Driven Test *****
19:25:11.592 [main] INFO  testCase.LoginDataDrivenTest - ***** Starting Login Data Driven Test *****
19:25:19.112 [main] INFO  testCase.LoginDataDrivenTest - ***** Starting Login Data Driven Test *****
19:25:26.633 [main] INFO  testCase.LoginDataDrivenTest - ***** Starting Login Data Driven Test *****
19:26:27.218 [main] INFO  testCase.LoginDataDrivenTest - ***** Starting Login Data Driven Test *****
19:26:35.365 [main] INFO  testCase.LoginDataDrivenTest - ***** Starting Login Data Driven Test *****
19:26:38.607 [main] INFO  testCase.LoginDataDrivenTest - ***** Finished Login Data Driven Test *****
19:26:38.609 [main] INFO  testCase.LoginDataDrivenTest - ***** Starting Login Data Driven Test *****
19:26:45.949 [main] INFO  testCase.LoginDataDrivenTest - ***** Starting Login Data Driven Test *****
19:26:53.704 [main] INFO  testCase.LoginDataDrivenTest - ***** Starting Login Data Driven Test *****
19:27:53.199 [main] INFO  testCase.LoginDataDrivenTest - ***** Starting Login Data Driven Test *****
19:27:56.007 [main] INFO  testCase.LoginDataDrivenTest - ***** Starting Login Data Driven Test *****
19:27:59.302 [main] INFO  testCase.LoginDataDrivenTest - ***** Finished Login Data Driven Test *****
19:27:59.303 [main] INFO  testCase.LoginDataDrivenTest - ***** Starting Login Data Driven Test *****
19:28:06.657 [main] INFO  testCase.LoginDataDrivenTest - ***** Starting Login Data Driven Test *****
19:28:13.953 [main] INFO  testCase.LoginDataDrivenTest - ***** Starting Login Data Driven Test *****
19:33:44.275 [main] INFO  testCase.LoginDataDrivenTest - ***** Starting Login Data Driven Test *****
19:33:49.272 [main] INFO  testCase.LoginDataDrivenTest - ***** Finished Login Data Driven Test *****
19:33:49.288 [main] INFO  testCase.LoginDataDrivenTest - ***** Starting Login Data Driven Test *****
19:33:56.942 [main] INFO  testCase.LoginDataDrivenTest - ***** Starting Login Data Driven Test *****
19:34:04.263 [main] INFO  testCase.LoginDataDrivenTest - ***** Starting Login Data Driven Test *****
19:34:11.627 [main] INFO  testCase.LoginDataDrivenTest - ***** Starting Login Data Driven Test *****
19:40:50.085 [main] INFO  testCase.LoginDataDrivenTest - ***** Starting Login Data Driven Test *****
19:40:54.503 [main] INFO  testCase.LoginDataDrivenTest - ***** Finished Login Data Driven Test *****
19:40:54.526 [main] INFO  testCase.LoginDataDrivenTest - ***** Starting Login Data Driven Test *****
19:41:02.367 [main] INFO  testCase.LoginDataDrivenTest - ***** Starting Login Data Driven Test *****
19:41:09.726 [main] INFO  testCase.LoginDataDrivenTest - ***** Starting Login Data Driven Test *****
19:41:17.087 [main] INFO  testCase.LoginDataDrivenTest - ***** Starting Login Data Driven Test *****
19:47:47.525 [main] INFO  testCase.LoginDataDrivenTest - ***** Starting Login Data Driven Test *****
19:47:51.753 [main] INFO  testCase.LoginDataDrivenTest - ***** Finished Login Data Driven Test *****
19:47:51.771 [main] INFO  testCase.LoginDataDrivenTest - ***** Starting Login Data Driven Test *****
19:47:58.015 [main] INFO  testCase.LoginDataDrivenTest - ***** Finished Login Data Driven Test *****
19:47:58.017 [main] INFO  testCase.LoginDataDrivenTest - ***** Starting Login Data Driven Test *****
19:48:04.302 [main] INFO  testCase.LoginDataDrivenTest - ***** Finished Login Data Driven Test *****
19:48:04.303 [main] INFO  testCase.LoginDataDrivenTest - ***** Starting Login Data Driven Test *****
19:48:10.523 [main] INFO  testCase.LoginDataDrivenTest - ***** Finished Login Data Driven Test *****
19:48:10.526 [main] INFO  testCase.LoginDataDrivenTest - ***** Starting Login Data Driven Test *****
19:51:11.092 [main] INFO  testCase.LoginDataDrivenTest - ***** Starting Login Data Driven Test *****
19:51:14.507 [main] INFO  testCase.LoginDataDrivenTest - ***** Finished Login Data Driven Test *****
19:51:14.525 [main] INFO  testCase.LoginDataDrivenTest - ***** Starting Login Data Driven Test *****
19:51:21.496 [main] INFO  testCase.LoginDataDrivenTest - ***** Finished Login Data Driven Test *****
19:51:21.498 [main] INFO  testCase.LoginDataDrivenTest - ***** Starting Login Data Driven Test *****
19:51:27.683 [main] INFO  testCase.LoginDataDrivenTest - ***** Finished Login Data Driven Test *****
19:51:27.685 [main] INFO  testCase.LoginDataDrivenTest - ***** Starting Login Data Driven Test *****
19:51:33.853 [main] INFO  testCase.LoginDataDrivenTest - ***** Finished Login Data Driven Test *****
19:51:33.855 [main] INFO  testCase.LoginDataDrivenTest - ***** Starting Login Data Driven Test *****
19:51:36.283 [main] INFO  testCase.LoginDataDrivenTest - ***** Finished Login Data Driven Test *****
19:44:21.913 [main] INFO  testCase.EndToEndTest - ***** Starting EndToEnd Test *****
19:44:21.937 [main] INFO  testCase.EndToEndTest - ---- Starting Home Page ----
19:44:23.592 [main] INFO  testCase.EndToEndTest - ---- Completed Home Page ----
19:44:23.592 [main] INFO  testCase.EndToEndTest - ---- Starting Registration Page ----
19:44:28.692 [main] INFO  testCase.EndToEndTest - ---- Completed Registration Page ----
19:44:28.693 [main] INFO  testCase.EndToEndTest - ---- Starting Login Page ----
19:44:29.992 [main] INFO  testCase.EndToEndTest - ---- Completed Login Page ----
19:44:29.993 [main] INFO  testCase.EndToEndTest - ---- Starting Product Catalogue Page ----
19:44:31.552 [main] INFO  testCase.EndToEndTest - ---- Completed Product Catalogue Page ----
19:44:31.553 [main] INFO  testCase.EndToEndTest - ---- Starting Product Page ----
19:44:35.754 [main] INFO  testCase.EndToEndTest - ---- Completed Product Page ----
19:44:35.754 [main] INFO  testCase.EndToEndTest - ---- Starting Shopping Cart Page ----
19:44:38.053 [main] INFO  testCase.EndToEndTest - ---- Completed Shopping Cart Page ----
19:44:38.054 [main] INFO  testCase.EndToEndTest - ---- Starting Checkout Page ----
19:44:43.458 [main] INFO  testCase.EndToEndTest - ---- Completed Checkout Page ----
19:44:43.458 [main] INFO  testCase.EndToEndTest - ---- Starting Order Confirm Page ----
19:44:47.017 [main] INFO  testCase.EndToEndTest - ---- Completed Order Confirm Page ----
19:44:47.017 [main] INFO  testCase.EndToEndTest - ***** Finished EndToEnd Test Successfully *****
20:22:56.751 [main] INFO  testCase.EndToEndTest - ***** Starting EndToEnd Test *****
20:22:56.756 [main] INFO  testCase.EndToEndTest - ---- Starting Home Page ----
20:22:58.225 [main] INFO  testCase.EndToEndTest - ---- Completed Home Page ----
20:22:58.225 [main] INFO  testCase.EndToEndTest - ---- Starting Registration Page ----
20:23:02.210 [main] INFO  testCase.EndToEndTest - ---- Completed Registration Page ----
20:23:02.211 [main] INFO  testCase.EndToEndTest - ---- Starting Login Page ----
20:23:03.323 [main] INFO  testCase.EndToEndTest - ---- Completed Login Page ----
20:23:03.323 [main] INFO  testCase.EndToEndTest - ---- Starting Product Catalogue Page ----
20:23:04.723 [main] INFO  testCase.EndToEndTest - ---- Completed Product Catalogue Page ----
20:23:04.724 [main] INFO  testCase.EndToEndTest - ---- Starting Product Page ----
20:23:07.179 [main] INFO  testCase.EndToEndTest - ---- Completed Product Page ----
20:23:07.179 [main] INFO  testCase.EndToEndTest - ---- Starting Shopping Cart Page ----
20:23:09.836 [main] INFO  testCase.EndToEndTest - ---- Completed Shopping Cart Page ----
20:23:09.836 [main] INFO  testCase.EndToEndTest - ---- Starting Checkout Page ----
20:23:16.220 [main] INFO  testCase.EndToEndTest - ---- Completed Checkout Page ----
20:23:16.221 [main] INFO  testCase.EndToEndTest - ---- Starting Order Confirm Page ----
20:23:18.903 [main] INFO  testCase.EndToEndTest - ---- Completed Order Confirm Page ----
20:23:18.903 [main] INFO  testCase.EndToEndTest - ***** Finished EndToEnd Test Successfully *****
20:28:02.979 [main] INFO  testCase.EndToEndTest - ***** Starting EndToEnd Test *****
20:28:02.996 [main] INFO  testCase.EndToEndTest - ---- Starting Home Page ----
20:28:04.526 [main] INFO  testCase.EndToEndTest - ---- Completed Home Page ----
20:28:04.527 [main] INFO  testCase.EndToEndTest - ---- Starting Registration Page ----
20:28:09.248 [main] INFO  testCase.EndToEndTest - ---- Completed Registration Page ----
20:28:09.249 [main] INFO  testCase.EndToEndTest - ---- Starting Login Page ----
20:28:10.361 [main] INFO  testCase.EndToEndTest - ---- Completed Login Page ----
20:28:10.363 [main] INFO  testCase.EndToEndTest - ---- Starting Product Catalogue Page ----
20:28:11.999 [main] INFO  testCase.EndToEndTest - ---- Completed Product Catalogue Page ----
20:28:12.002 [main] INFO  testCase.EndToEndTest - ---- Starting Product Page ----
20:28:14.455 [main] INFO  testCase.EndToEndTest - ---- Completed Product Page ----
20:28:14.456 [main] INFO  testCase.EndToEndTest - ---- Starting Shopping Cart Page ----
20:28:17.276 [main] INFO  testCase.EndToEndTest - ---- Completed Shopping Cart Page ----
20:28:17.277 [main] INFO  testCase.EndToEndTest - ---- Starting Checkout Page ----
20:28:21.865 [main] INFO  testCase.EndToEndTest - ---- Completed Checkout Page ----
20:28:21.865 [main] INFO  testCase.EndToEndTest - ---- Starting Order Confirm Page ----
20:28:24.550 [main] INFO  testCase.EndToEndTest - ---- Completed Order Confirm Page ----
20:28:24.550 [main] INFO  testCase.EndToEndTest - ***** Finished EndToEnd Test Successfully *****
